<?xml version="1.0" encoding="UTF-8"?>
<!-- Generated by org.testng.reporters.JUnitReportReporter -->
<testsuite hostname="kholodilova7e01" name="com.example.tests.ContactCreationTest" tests="2" failures="0" timestamp="23 May 2014 21:02:56 GMT" time="5.147" errors="0">
  <testcase name="testNonEmptyContactCreation" time="2.876" classname="com.example.tests.ContactCreationTest"/>
  <testcase name="testEmptyContactCreation" time="2.271" classname="com.example.tests.ContactCreationTest"/>
</testsuite> <!-- com.example.tests.ContactCreationTest -->
