<?xml version="1.0" encoding="UTF-8"?>
<!-- Generated by org.testng.reporters.JUnitReportReporter -->
<testsuite hostname="kholodilova7e01" name="com.example.tests.GroupCreationTest" tests="2" failures="0" timestamp="20 May 2014 21:42:48 GMT" time="3.117" errors="0">
  <testcase name="testEmptyGroupCreation" time="1.545" classname="com.example.tests.GroupCreationTest"/>
  <testcase name="testNonEmptyGroupCreation" time="1.572" classname="com.example.tests.GroupCreationTest"/>
</testsuite> <!-- com.example.tests.GroupCreationTest -->
