<?xml version="1.0" encoding="UTF-8"?>
<!-- Generated by org.testng.reporters.JUnitReportReporter -->
<testsuite hostname="kholodilova7e01" name="com.example.tests.CopyOfGroupCreationTest" tests="2" failures="0" timestamp="20 May 2014 21:42:47 GMT" time="2.305" errors="0">
  <testcase name="testEmptyGroupCreation" time="1.168" classname="com.example.tests.CopyOfGroupCreationTest"/>
  <testcase name="testNonEmptyGroupCreation" time="1.137" classname="com.example.tests.CopyOfGroupCreationTest"/>
</testsuite> <!-- com.example.tests.CopyOfGroupCreationTest -->
