<?xml version="1.0" encoding="UTF-8"?>
<!-- Generated by org.testng.reporters.JUnitReportReporter -->
<testsuite hostname="kholodilova7e01" name="com.example.tests.CopyOfGroupCreationTest" tests="2" failures="0" timestamp="22 May 2014 18:39:57 GMT" time="2.245" errors="0">
  <testcase name="testNonEmptyGroupCreation" time="1.152" classname="com.example.tests.CopyOfGroupCreationTest"/>
  <testcase name="testEmptyGroupCreation" time="1.093" classname="com.example.tests.CopyOfGroupCreationTest"/>
</testsuite> <!-- com.example.tests.CopyOfGroupCreationTest -->
