<?xml version="1.0" encoding="UTF-8"?>
<!-- Generated by org.testng.reporters.JUnitReportReporter -->
<testsuite hostname="kholodilova7e01" name="com.example.tests.GroupCreationTest" tests="2" failures="0" timestamp="23 May 2014 21:02:56 GMT" time="2.337" errors="0">
  <testcase name="testEmptyGroupCreation" time="1.073" classname="com.example.tests.GroupCreationTest"/>
  <testcase name="testNonEmptyGroupCreation" time="1.264" classname="com.example.tests.GroupCreationTest"/>
</testsuite> <!-- com.example.tests.GroupCreationTest -->
