<?xml version="1.0" encoding="UTF-8"?>
<!-- Generated by org.testng.reporters.JUnitReportReporter -->
<testsuite hostname="kholodilova7e01" name="com.example.tests.GroupCreationTest" tests="2" failures="0" timestamp="22 May 2014 18:39:57 GMT" time="3.314" errors="0">
  <testcase name="testEmptyGroupCreation" time="1.828" classname="com.example.tests.GroupCreationTest"/>
  <testcase name="testNonEmptyGroupCreation" time="1.486" classname="com.example.tests.GroupCreationTest"/>
</testsuite> <!-- com.example.tests.GroupCreationTest -->
